<?xml version="1.0" encoding="UTF-8"?>
<coverage generated="1733322289726" clover="3.2.0">
  <project timestamp="1733322289726" name="All files">
    <metrics statements="26" coveredstatements="13" conditionals="14" coveredconditionals="3" methods="9" coveredmethods="2" elements="49" coveredelements="18" complexity="0" loc="26" ncloc="26" packages="1" files="1" classes="1"/>
    <file name="Locacao.ts" path="/home/sckurtt/Documentos/Senac/PI_Senac/src/Classes/Locacao.ts">
      <metrics statements="26" coveredstatements="13" conditionals="14" coveredconditionals="3" methods="9" coveredmethods="2"/>
      <line num="1" count="1" type="stmt"/>
      <line num="2" count="1" type="stmt"/>
      <line num="8" count="1" type="stmt"/>
      <line num="9" count="1" type="stmt"/>
      <line num="18" count="1" type="stmt"/>
      <line num="19" count="1" type="stmt"/>
      <line num="20" count="1" type="stmt"/>
      <line num="21" count="1" type="stmt"/>
      <line num="22" count="1" type="cond" truecount="2" falsecount="0"/>
      <line num="24" count="1" type="stmt"/>
      <line num="30" count="0" type="stmt"/>
      <line num="40" count="1" type="stmt"/>
      <line num="41" count="1" type="cond" truecount="1" falsecount="1"/>
      <line num="42" count="1" type="stmt"/>
      <line num="44" count="0" type="stmt"/>
      <line num="53" count="0" type="cond" truecount="0" falsecount="2"/>
      <line num="55" count="0" type="cond" truecount="0" falsecount="2"/>
      <line num="63" count="0" type="stmt"/>
      <line num="64" count="0" type="stmt"/>
      <line num="73" count="0" type="stmt"/>
      <line num="74" count="0" type="stmt"/>
      <line num="76" count="0" type="cond" truecount="0" falsecount="2"/>
      <line num="77" count="0" type="stmt"/>
      <line num="80" count="0" type="stmt"/>
      <line num="81" count="0" type="stmt"/>
      <line num="84" count="0" type="stmt"/>
    </file>
  </project>
</coverage>
