{"/home/sckurtt/Documentos/Senac/PI_Senac/src/Classes/Locacao.ts": {"path":"/home/sckurtt/Documentos/Senac/PI_Senac/src/Classes/Locacao.ts","statementMap":{"0":{"start":{"line":2,"column":40},"end":{"line":2,"column":41}},"1":{"start":{"line":8,"column":33},"end":{"line":8,"column":38}},"2":{"start":{"line":9,"column":35},"end":{"line":9,"column":37}},"3":{"start":{"line":18,"column":4},"end":{"line":18,"column":27}},"4":{"start":{"line":19,"column":4},"end":{"line":19,"column":31}},"5":{"start":{"line":20,"column":4},"end":{"line":20,"column":35}},"6":{"start":{"line":21,"column":4},"end":{"line":21,"column":39}},"7":{"start":{"line":22,"column":4},"end":{"line":22,"column":47}},"8":{"start":{"line":24,"column":4},"end":{"line":24,"column":36}},"9":{"start":{"line":30,"column":4},"end":{"line":36,"column":6}},"10":{"start":{"line":40,"column":4},"end":{"line":40,"column":26}},"11":{"start":{"line":41,"column":4},"end":{"line":45,"column":5}},"12":{"start":{"line":42,"column":6},"end":{"line":42,"column":18}},"13":{"start":{"line":44,"column":6},"end":{"line":44,"column":19}},"14":{"start":{"line":53,"column":6},"end":{"line":54,"column":30}},"15":{"start":{"line":55,"column":4},"end":{"line":55,"column":33}},"16":{"start":{"line":63,"column":4},"end":{"line":65,"column":7}},"17":{"start":{"line":64,"column":6},"end":{"line":64,"column":31}},"18":{"start":{"line":73,"column":19},"end":{"line":74,"column":null}},"19":{"start":{"line":74,"column":14},"end":{"line":74,"column":49}},"20":{"start":{"line":76,"column":4},"end":{"line":85,"column":5}},"21":{"start":{"line":77,"column":6},"end":{"line":79,"column":8}},"22":{"start":{"line":80,"column":6},"end":{"line":82,"column":9}},"23":{"start":{"line":81,"column":8},"end":{"line":81,"column":50}},"24":{"start":{"line":84,"column":6},"end":{"line":84,"column":51}},"25":{"start":{"line":1,"column":0},"end":{"line":1,"column":13}}},"fnMap":{"0":{"name":"(anonymous_0)","decl":{"start":{"line":11,"column":2},"end":{"line":11,"column":null}},"loc":{"start":{"line":16,"column":30},"end":{"line":25,"column":3}}},"1":{"name":"(anonymous_1)","decl":{"start":{"line":29,"column":2},"end":{"line":29,"column":8}},"loc":{"start":{"line":29,"column":8},"end":{"line":37,"column":3}}},"2":{"name":"(anonymous_2)","decl":{"start":{"line":39,"column":2},"end":{"line":39,"column":10}},"loc":{"start":{"line":39,"column":10},"end":{"line":46,"column":3}}},"3":{"name":"(anonymous_3)","decl":{"start":{"line":51,"column":2},"end":{"line":51,"column":8}},"loc":{"start":{"line":51,"column":8},"end":{"line":56,"column":3}}},"4":{"name":"(anonymous_4)","decl":{"start":{"line":62,"column":2},"end":{"line":62,"column":8}},"loc":{"start":{"line":62,"column":23},"end":{"line":66,"column":3}}},"5":{"name":"(anonymous_5)","decl":{"start":{"line":63,"column":33},"end":{"line":63,"column":34}},"loc":{"start":{"line":63,"column":49},"end":{"line":65,"column":5}}},"6":{"name":"(anonymous_6)","decl":{"start":{"line":72,"column":2},"end":{"line":72,"column":8}},"loc":{"start":{"line":72,"column":58},"end":{"line":87,"column":3}}},"7":{"name":"(anonymous_7)","decl":{"start":{"line":74,"column":6},"end":{"line":74,"column":7}},"loc":{"start":{"line":74,"column":14},"end":{"line":74,"column":49}}},"8":{"name":"(anonymous_8)","decl":{"start":{"line":80,"column":23},"end":{"line":80,"column":24}},"loc":{"start":{"line":80,"column":30},"end":{"line":82,"column":7}}}},"branchMap":{"0":{"loc":{"start":{"line":22,"column":25},"end":{"line":22,"column":46}},"type":"binary-expr","locations":[{"start":{"line":22,"column":25},"end":{"line":22,"column":38}},{"start":{"line":22,"column":42},"end":{"line":22,"column":46}}]},"1":{"loc":{"start":{"line":34,"column":8},"end":{"line":34,"column":null}},"type":"cond-expr","locations":[{"start":{"line":34,"column":24},"end":{"line":34,"column":34}},{"start":{"line":34,"column":37},"end":{"line":34,"column":null}}]},"2":{"loc":{"start":{"line":35,"column":24},"end":{"line":35,"column":54}},"type":"cond-expr","locations":[{"start":{"line":35,"column":41},"end":{"line":35,"column":46}},{"start":{"line":35,"column":49},"end":{"line":35,"column":54}}]},"3":{"loc":{"start":{"line":41,"column":4},"end":{"line":45,"column":5}},"type":"if","locations":[{"start":{"line":41,"column":4},"end":{"line":45,"column":5}},{"start":{"line":43,"column":9},"end":{"line":45,"column":5}}]},"4":{"loc":{"start":{"line":53,"column":6},"end":{"line":54,"column":30}},"type":"binary-expr","locations":[{"start":{"line":53,"column":6},"end":{"line":53,"column":57}},{"start":{"line":54,"column":6},"end":{"line":54,"column":30}}]},"5":{"loc":{"start":{"line":55,"column":11},"end":{"line":55,"column":32}},"type":"cond-expr","locations":[{"start":{"line":55,"column":20},"end":{"line":55,"column":24}},{"start":{"line":55,"column":27},"end":{"line":55,"column":32}}]},"6":{"loc":{"start":{"line":76,"column":4},"end":{"line":85,"column":5}},"type":"if","locations":[{"start":{"line":76,"column":4},"end":{"line":85,"column":5}},{"start":{"line":83,"column":11},"end":{"line":85,"column":5}}]}},"s":{"0":1,"1":1,"2":1,"3":1,"4":1,"5":1,"6":1,"7":1,"8":1,"9":0,"10":1,"11":1,"12":1,"13":0,"14":0,"15":0,"16":0,"17":0,"18":0,"19":0,"20":0,"21":0,"22":0,"23":0,"24":0,"25":1},"f":{"0":1,"1":0,"2":1,"3":0,"4":0,"5":0,"6":0,"7":0,"8":0},"b":{"0":[1,1],"1":[0,0],"2":[0,0],"3":[1,0],"4":[0,0],"5":[0,0],"6":[0,0]}}
}
