TN:
SF:src/Classes/Locacao.ts
FN:11,(anonymous_0)
FN:29,(anonymous_1)
FN:39,(anonymous_2)
FN:51,(anonymous_3)
FN:62,(anonymous_4)
FN:63,(anonymous_5)
FN:72,(anonymous_6)
FN:74,(anonymous_7)
FN:80,(anonymous_8)
FNF:9
FNH:2
FNDA:1,(anonymous_0)
FNDA:0,(anonymous_1)
FNDA:1,(anonymous_2)
FNDA:0,(anonymous_3)
FNDA:0,(anonymous_4)
FNDA:0,(anonymous_5)
FNDA:0,(anonymous_6)
FNDA:0,(anonymous_7)
FNDA:0,(anonymous_8)
DA:1,1
DA:2,1
DA:8,1
DA:9,1
DA:18,1
DA:19,1
DA:20,1
DA:21,1
DA:22,1
DA:24,1
DA:30,0
DA:40,1
DA:41,1
DA:42,1
DA:44,0
DA:53,0
DA:55,0
DA:63,0
DA:64,0
DA:73,0
DA:74,0
DA:76,0
DA:77,0
DA:80,0
DA:81,0
DA:84,0
LF:26
LH:13
BRDA:22,0,0,1
BRDA:22,0,1,1
BRDA:34,1,0,0
BRDA:34,1,1,0
BRDA:35,2,0,0
BRDA:35,2,1,0
BRDA:41,3,0,1
BRDA:41,3,1,0
BRDA:53,4,0,0
BRDA:53,4,1,0
BRDA:55,5,0,0
BRDA:55,5,1,0
BRDA:76,6,0,0
BRDA:76,6,1,0
BRF:14
BRH:3
end_of_record
